[0906/024657.565:INFO:CONSOLE(150)] "Event handler of 'x-storagemutated-1' event must be added on the initial evaluation of worker script.", source: https://static.whatsapp.net/rsrc.php/v3/ym/r/n6LUpTVHhd6.js?_nc_x=Ij3Wp8lg5Kz (150)
[0906/024705.269:INFO:CONSOLE(0)] "Error with Permissions-Policy header: Feature xr-spatial-tracking's parameters are ignored.", source:  (0)
[0906/024705.270:INFO:CONSOLE(0)] "Error with Permissions-Policy header: Origin trial controlled feature not enabled: 'attribution-reporting'.", source:  (0)
[0906/024705.270:INFO:CONSOLE(0)] "Error with Permissions-Policy header: Unrecognized feature: 'compute-pressure'.", source:  (0)
[0906/024705.271:INFO:CONSOLE(0)] "Error with Permissions-Policy header: Origin trial controlled feature not enabled: 'interest-cohort'.", source:  (0)
[0906/024705.271:INFO:CONSOLE(0)] "Error with Permissions-Policy header: Unrecognized feature: 'private-state-token-issuance'.", source:  (0)
[0906/024705.271:INFO:CONSOLE(0)] "Error with Permissions-Policy header: Origin trial controlled feature not enabled: 'shared-storage'.", source:  (0)
[0906/024705.271:INFO:CONSOLE(0)] "Error with Permissions-Policy header: Unrecognized feature: 'shared-storage-select-url'.", source:  (0)
[0906/024705.271:INFO:CONSOLE(0)] "Error with Permissions-Policy header: Unrecognized feature: 'private-state-token-redemption'.", source:  (0)
[0906/024705.272:INFO:CONSOLE(0)] "Error with Permissions-Policy header: Unrecognized feature: 'unload'.", source:  (0)
[0906/024705.272:INFO:CONSOLE(0)] "Error with Permissions-Policy header: Unrecognized feature: 'window-management'.", source:  (0)
[0906/024713.541:INFO:CONSOLE(150)] "Event handler of 'x-storagemutated-1' event must be added on the initial evaluation of worker script.", source: https://static.whatsapp.net/rsrc.php/v3/yI/r/0H0uKyTyopu.js?_nc_x=Ij3Wp8lg5Kz (150)
[0906/024720.498:INFO:CONSOLE(342)] "WAWebLoggerWorker initialized", source: https://static.whatsapp.net/rsrc.php/v3/yS/r/sJ1-F-kabHc.js?_nc_x=Ij3Wp8lg5Kz (342)
[0906/024720.499:INFO:CONSOLE(342)] "[storage] start setSchemaVersions from fts worker interface", source: https://static.whatsapp.net/rsrc.php/v3/yS/r/sJ1-F-kabHc.js?_nc_x=Ij3Wp8lg5Kz (342)
[0906/024720.499:INFO:CONSOLE(342)] "[storage] set schema versions: [model-storage,158,fts-storage,8,jobs-storage,1,lru-media-storage-idb,2,offd-storage,4,qpl-storage,0,signal-storage,6,worker-storage,1,sw,2,wawc,14,wawc_db_enc,2]. is worker? true", source: https://static.whatsapp.net/rsrc.php/v3/yS/r/sJ1-F-kabHc.js?_nc_x=Ij3Wp8lg5Kz (342)
[0906/024748.840:INFO:CONSOLE(342)] "FTS:Delegate: start indexer", source: https://static.whatsapp.net/rsrc.php/v3/yS/r/sJ1-F-kabHc.js?_nc_x=Ij3Wp8lg5Kz (342)
[0906/024748.840:INFO:CONSOLE(342)] "FTS:Delegate: start perform init", source: https://static.whatsapp.net/rsrc.php/v3/yS/r/sJ1-F-kabHc.js?_nc_x=Ij3Wp8lg5Kz (342)
[0906/024748.840:INFO:CONSOLE(342)] "FTS:Delegate: schema versions ready", source: https://static.whatsapp.net/rsrc.php/v3/yS/r/sJ1-F-kabHc.js?_nc_x=Ij3Wp8lg5Kz (342)
[0906/024748.841:INFO:CONSOLE(342)] "FTS:Delegate: before db initialization", source: https://static.whatsapp.net/rsrc.php/v3/yS/r/sJ1-F-kabHc.js?_nc_x=Ij3Wp8lg5Kz (342)
[0906/024807.687:INFO:CONSOLE(342)] "FTS:Delegate: after db initialization", source: https://static.whatsapp.net/rsrc.php/v3/yS/r/sJ1-F-kabHc.js?_nc_x=Ij3Wp8lg5Kz (342)
[0906/024808.136:INFO:CONSOLE(342)] "FTS:Manifest Writer: No changes made, current:['3.1', '1'], latest:['3.1', '1']", source: https://static.whatsapp.net/rsrc.php/v3/yS/r/sJ1-F-kabHc.js?_nc_x=Ij3Wp8lg5Kz (342)
[0906/024808.138:INFO:CONSOLE(342)] "FTS:Delegate: Inited", source: https://static.whatsapp.net/rsrc.php/v3/yS/r/sJ1-F-kabHc.js?_nc_x=Ij3Wp8lg5Kz (342)
[0906/024808.152:INFO:CONSOLE(342)] "FTS:Delegate: Init indexing ops", source: https://static.whatsapp.net/rsrc.php/v3/yS/r/sJ1-F-kabHc.js?_nc_x=Ij3Wp8lg5Kz (342)
[0906/024808.436:INFO:CONSOLE(342)] "FTS:Indexer:indexQueuedBatch: Starting new batch size : 1000", source: https://static.whatsapp.net/rsrc.php/v3/yS/r/sJ1-F-kabHc.js?_nc_x=Ij3Wp8lg5Kz (342)
[0906/024817.904:INFO:CONSOLE(342)] "FTS:Indexer:indexQueuedBatch: Completed batch", source: https://static.whatsapp.net/rsrc.php/v3/yS/r/sJ1-F-kabHc.js?_nc_x=Ij3Wp8lg5Kz (342)
[0906/024817.938:INFO:CONSOLE(342)] "FTS:Indexer:indexQueuedBatch: Completed", source: https://static.whatsapp.net/rsrc.php/v3/yS/r/sJ1-F-kabHc.js?_nc_x=Ij3Wp8lg5Kz (342)
[0906/024818.947:INFO:CONSOLE(342)] "FTS:Indexer:indexQueuedBatch: Starting new batch size : 1000", source: https://static.whatsapp.net/rsrc.php/v3/yS/r/sJ1-F-kabHc.js?_nc_x=Ij3Wp8lg5Kz (342)
[0906/024819.163:INFO:CONSOLE(342)] "FTS:Indexer:indexQueuedBatch: Completed", source: https://static.whatsapp.net/rsrc.php/v3/yS/r/sJ1-F-kabHc.js?_nc_x=Ij3Wp8lg5Kz (342)
[0906/025226.928:INFO:CONSOLE(150)] "Event handler of 'x-storagemutated-1' event must be added on the initial evaluation of worker script.", source: https://static.whatsapp.net/rsrc.php/v3/yI/r/0H0uKyTyopu.js?_nc_x=Ij3Wp8lg5Kz (150)
